<?xml version="1.0" encoding="UTF-8"?>
<!-- Generated by org.testng.reporters.JUnitXMLReporter -->
<testsuite hostname="Aswini" ignored="0" name="Default test" tests="4" failures="0" timestamp="2020-09-11T11:24:17 IST" time="12.261" errors="0">
  <testcase name="AddTodoList" time="0.747" classname="testCases.Addtodo"/>
  <testcase name="TodolistComplete" time="0.214" classname="testCases.Addtodo"/>
  <testcase name="Filter_Todolist" time="0.238" classname="testCases.Addtodo"/>
  <testcase name="Delete_Todolist" time="0.287" classname="testCases.Addtodo"/>
</testsuite> <!-- Default test -->
