<?xml version="1.0" encoding="UTF-8"?>
<!-- Generated by org.testng.reporters.JUnitXMLReporter -->
<testsuite hostname="Aswini" ignored="4" name="Test" tests="2" failures="1" timestamp="2020-09-11T10:02:39 IST" time="3.333" errors="0">
  <testcase name="AddTodoList" time="0.818" classname="testCases.Addtodo"/>
  <testcase name="TodolistComplete" time="0.001" classname="testCases.Todolistcomplete">
    <failure type="java.lang.NullPointerException">
      <![CDATA[java.lang.NullPointerException
at testCases.Todolistcomplete.TodolistComplete(Todolistcomplete.java:34)
at java.util.ArrayList.forEach(Unknown Source)
... Removed 27 stack frames]]>
    </failure>
  </testcase> <!-- TodolistComplete -->
  <testcase name="Filter_Todolist" time="0.0" classname="testCases.Addtodo">
    <ignored/>
  </testcase> <!-- Filter_Todolist -->
  <testcase name="TodolistComplete" time="0.0" classname="testCases.Addtodo">
    <ignored/>
  </testcase> <!-- TodolistComplete -->
  <testcase name="Delete_Todolist" time="0.0" classname="testCases.Addtodo">
    <ignored/>
  </testcase> <!-- Delete_Todolist -->
  <testcase name="@BeforeSuite initializeDriver" time="0.0" classname="resources.base">
    <ignored/>
  </testcase> <!-- @BeforeSuite initializeDriver -->
</testsuite> <!-- Test -->
