<?xml version="1.0" encoding="UTF-8"?>
<testng-results skipped="0" failed="0" ignored="0" total="4" passed="4">
  <reporter-output>
  </reporter-output>
  <suite name="Default suite" duration-ms="12261" started-at="2020-09-11T11:24:05 IST" finished-at="2020-09-11T11:24:17 IST">
    <groups>
    </groups>
    <test name="Default test" duration-ms="12261" started-at="2020-09-11T11:24:05 IST" finished-at="2020-09-11T11:24:17 IST">
      <class name="testCases.Addtodo">
        <test-method status="PASS" signature="initilize()[pri:0, instance:testCases.Addtodo@b8a058]" name="initilize" is-config="true" duration-ms="10711" started-at="2020-09-11T11:24:05 IST" finished-at="2020-09-11T11:24:16 IST">
          <reporter-output>
          </reporter-output>
        </test-method> <!-- initilize -->
        <test-method status="PASS" signature="AddTodoList()[pri:1, instance:testCases.Addtodo@b8a058]" name="AddTodoList" duration-ms="747" started-at="2020-09-11T11:24:16 IST" finished-at="2020-09-11T11:24:17 IST">
          <reporter-output>
          </reporter-output>
        </test-method> <!-- AddTodoList -->
        <test-method status="PASS" signature="TodolistComplete()[pri:2, instance:testCases.Addtodo@b8a058]" name="TodolistComplete" duration-ms="214" started-at="2020-09-11T11:24:17 IST" finished-at="2020-09-11T11:24:17 IST">
          <reporter-output>
          </reporter-output>
        </test-method> <!-- TodolistComplete -->
        <test-method status="PASS" signature="Filter_Todolist()[pri:3, instance:testCases.Addtodo@b8a058]" name="Filter_Todolist" duration-ms="238" started-at="2020-09-11T11:24:17 IST" finished-at="2020-09-11T11:24:17 IST">
          <reporter-output>
          </reporter-output>
        </test-method> <!-- Filter_Todolist -->
        <test-method status="PASS" signature="Delete_Todolist()[pri:4, instance:testCases.Addtodo@b8a058]" name="Delete_Todolist" duration-ms="287" started-at="2020-09-11T11:24:17 IST" finished-at="2020-09-11T11:24:17 IST">
          <reporter-output>
          </reporter-output>
        </test-method> <!-- Delete_Todolist -->
      </class> <!-- testCases.Addtodo -->
    </test> <!-- Default test -->
  </suite> <!-- Default suite -->
</testng-results>
